\BOOKMARK [1][-]{section.1}{Caffe简介}{}% 1
\BOOKMARK [1][-]{section.2}{编译,安装与运行}{}% 2
\BOOKMARK [2][-]{subsection.2.1}{依赖库安装}{section.2}% 3
\BOOKMARK [2][-]{subsection.2.2}{编译与安装}{section.2}% 4
\BOOKMARK [2][-]{subsection.2.3}{运行Demo}{section.2}% 5
\BOOKMARK [1][-]{section.3}{系统总览}{}% 6
\BOOKMARK [2][-]{subsection.3.1}{深度神经网络}{section.3}% 7
\BOOKMARK [2][-]{subsection.3.2}{Caffe提供的功能}{section.3}% 8
\BOOKMARK [1][-]{section.4}{系统结构设计}{}% 9
\BOOKMARK [2][-]{subsection.4.1}{建模}{section.4}% 10
\BOOKMARK [2][-]{subsection.4.2}{优化}{section.4}% 11
\BOOKMARK [1][-]{section.5}{数据设计}{}% 12
\BOOKMARK [2][-]{subsection.5.1}{数据描述}{section.5}% 13
\BOOKMARK [3][-]{subsubsection.5.1.1}{外部数据输入网络}{subsection.5.1}% 14
\BOOKMARK [3][-]{subsubsection.5.1.2}{数据在网络中的流动}{subsection.5.1}% 15
\BOOKMARK [3][-]{subsubsection.5.1.3}{数据从网络中输出}{subsection.5.1}% 16
\BOOKMARK [1][-]{section.6}{用户接口}{}% 17
\BOOKMARK [1][-]{section.7}{编程技巧}{}% 18
\BOOKMARK [2][-]{subsection.7.1}{继承与多态的运用}{section.7}% 19
\BOOKMARK [2][-]{subsection.7.2}{拷贝构造函数和赋值运算符的禁用}{section.7}% 20
\BOOKMARK [2][-]{subsection.7.3}{命名空间的合理使用}{section.7}% 21
